<?xml version="1.0" encoding="UTF-8"?>
<!-- Generated by org.testng.reporters.JUnitReportReporter -->
<testsuite hostname="LAPTOP-8LKA65B3" failures="0" tests="1" name="tc_Repository.LE_01" time="10.516" errors="0" timestamp="2024-07-30T12:16:08 IST" skipped="0">
  <testcase classname="tc_Repository.LE_01" name="le01Tc" time="10.516"/>
  <system-out/>
</testsuite> <!-- tc_Repository.LE_01 -->
