<?xml version="1.0" encoding="UTF-8"?>
<!-- Generated by org.testng.reporters.JUnitReportReporter -->
<testsuite hostname="LAPTOP-8LKA65B3" failures="0" tests="1" name="tc_Repository.ORG_03" time="11.832" errors="0" timestamp="2024-07-30T12:07:07 IST" skipped="0">
  <testcase classname="tc_Repository.ORG_03" name="ORG03Tc" time="11.832"/>
  <system-out/>
</testsuite> <!-- tc_Repository.ORG_03 -->
