<?xml version="1.0" encoding="UTF-8"?>
<!-- Generated by org.testng.reporters.JUnitReportReporter -->
<testsuite hostname="LAPTOP-8LKA65B3" failures="0" tests="3" name="Sample_Repo.Program1" time="0.009" errors="0" timestamp="2024-07-24T11:32:58 IST" skipped="0">
  <testcase classname="Sample_Repo.Program1" name="CreateUser" time="0.007"/>
  <system-out/>
  <testcase classname="Sample_Repo.Program1" name="ModifyUser" time="0.001"/>
  <system-out/>
  <testcase classname="Sample_Repo.Program1" name="DeleteUser" time="0.001"/>
  <system-out/>
</testsuite> <!-- Sample_Repo.Program1 -->
